<?xml version="1.0" encoding="UTF-8"?>
<!-- Generated by org.testng.reporters.JUnitReportReporter -->
<testsuite hostname="HP" failures="0" tests="1" name="testngdiscussion.Annotations3" time="0.001" errors="0" timestamp="2022-08-04T21:26:22 IST" skipped="0">
  <testcase classname="testngdiscussion.Annotations3" name="buyHealthAidKit" time="0.001"/>
  <system-out/>
</testsuite> <!-- testngdiscussion.Annotations3 -->
