<?xml version="1.0" encoding="UTF-8"?>
<!-- Generated by org.testng.reporters.JUnitReportReporter -->
<testsuite hostname="HP" failures="0" tests="2" name="testngdiscussion.DependsOnMethods2" time="0.000" errors="0" timestamp="2022-08-03T04:01:26 IST" skipped="1">
  <testcase classname="testngdiscussion.DependsOnMethods2" name="editProfile" time="0.000">
    <skipped/>
  </testcase> <!-- editProfile -->
  <system-out/>
  <testcase classname="testngdiscussion.DependsOnMethods2" name="viewProfile" time="0.000"/>
  <system-out/>
</testsuite> <!-- testngdiscussion.DependsOnMethods2 -->
