<?xml version="1.0" encoding="UTF-8"?>
<!-- Generated by org.testng.reporters.JUnitReportReporter -->
<testsuite hostname="HP" failures="0" tests="3" name="testngdiscussion.SampleTest2" time="4.721" errors="0" timestamp="2022-08-06T15:38:59 IST" skipped="0">
  <testcase classname="testngdiscussion.SampleTest2" name="launchchrome" time="3.858"/>
  <system-out/>
  <testcase classname="testngdiscussion.SampleTest2" name="enterDetails" time="0.078"/>
  <system-out/>
  <testcase classname="testngdiscussion.SampleTest2" name="selectBirthDate" time="0.785"/>
  <system-out/>
</testsuite> <!-- testngdiscussion.SampleTest2 -->
