<?xml version="1.0" encoding="UTF-8"?>
<!-- Generated by org.testng.reporters.JUnitReportReporter -->
<testsuite hostname="HP" failures="0" tests="2" name="testngdiscussion.InclusionAndExclusionOfMethods" time="0.008" errors="0" timestamp="2022-08-03T23:55:25 IST" skipped="0">
  <testcase classname="testngdiscussion.InclusionAndExclusionOfMethods" name="loginToApp" time="0.008"/>
  <system-out/>
  <testcase classname="testngdiscussion.InclusionAndExclusionOfMethods" name="handlingCheckBox" time="0.000"/>
  <system-out/>
</testsuite> <!-- testngdiscussion.InclusionAndExclusionOfMethods -->
