<?xml version="1.0" encoding="UTF-8"?>
<!-- Generated by org.testng.reporters.JUnitReportReporter -->
<testsuite hostname="HP" failures="0" tests="2" name="zpract2SRCTESTJAVA.TestClass" time="3.524" errors="0" timestamp="2022-09-30T19:04:19 IST" skipped="0">
  <testcase classname="zpract2SRCTESTJAVA.TestClass" name="validateEnterDataAndLogin" time="3.492"/>
  <system-out/>
  <testcase classname="zpract2SRCTESTJAVA.TestClass" name="validatGetTitle" time="0.032"/>
  <system-out/>
</testsuite> <!-- zpract2SRCTESTJAVA.TestClass -->
