<?xml version="1.0" encoding="UTF-8"?>
<!-- Generated by org.testng.reporters.JUnitReportReporter -->
<testsuite hostname="HP" failures="0" tests="4" name="testngdiscussion.GroupingOfTestCases" time="0.009" errors="0" timestamp="2022-08-04T12:29:30 IST" skipped="0">
  <testcase classname="testngdiscussion.GroupingOfTestCases" name="loginToApp" time="0.001"/>
  <system-out/>
  <testcase classname="testngdiscussion.GroupingOfTestCases" name="handlingCheckBox" time="0.001"/>
  <system-out/>
  <testcase classname="testngdiscussion.GroupingOfTestCases" name="navToAdminTab" time="0.001"/>
  <system-out/>
  <testcase classname="testngdiscussion.GroupingOfTestCases" name="getTitleOfPage" time="0.006"/>
  <system-out/>
</testsuite> <!-- testngdiscussion.GroupingOfTestCases -->
