<?xml version="1.0" encoding="UTF-8"?>
<!-- Generated by org.testng.reporters.JUnitReportReporter -->
<testsuite hostname="HP" failures="0" tests="10" name="testngdiscussion.PriorityBasedSequance" time="0.014" errors="0" timestamp="2022-08-03T00:25:08 IST" skipped="0">
  <testcase classname="testngdiscussion.PriorityBasedSequance" name="login" time="0.007"/>
  <system-out/>
  <testcase classname="testngdiscussion.PriorityBasedSequance" name="home" time="0.001"/>
  <system-out/>
  <testcase classname="testngdiscussion.PriorityBasedSequance" name="home" time="0.001"/>
  <system-out/>
  <testcase classname="testngdiscussion.PriorityBasedSequance" name="home" time="0.001"/>
  <system-out/>
  <testcase classname="testngdiscussion.PriorityBasedSequance" name="home" time="0.001"/>
  <system-out/>
  <testcase classname="testngdiscussion.PriorityBasedSequance" name="home" time="0.001"/>
  <system-out/>
  <testcase classname="testngdiscussion.PriorityBasedSequance" name="profile" time="0.001"/>
  <system-out/>
  <testcase classname="testngdiscussion.PriorityBasedSequance" name="dashBoard" time="0.000"/>
  <system-out/>
  <testcase classname="testngdiscussion.PriorityBasedSequance" name="dashBoard" time="0.000"/>
  <system-out/>
  <testcase classname="testngdiscussion.PriorityBasedSequance" name="logout" time="0.001"/>
  <system-out/>
</testsuite> <!-- testngdiscussion.PriorityBasedSequance -->
