<?xml version="1.0" encoding="UTF-8"?>
<!-- Generated by org.testng.reporters.JUnitReportReporter -->
<testsuite hostname="HP" failures="0" tests="2" name="testngdiscussion.ParallelTestTagExecution" time="3.825" errors="0" timestamp="2022-10-05T17:25:37 IST" skipped="0">
  <testcase classname="testngdiscussion.ParallelTestTagExecution" name="launchchrome" time="3.567"/>
  <system-out/>
  <testcase classname="testngdiscussion.ParallelTestTagExecution" name="enterDetails" time="0.258"/>
  <system-out/>
</testsuite> <!-- testngdiscussion.ParallelTestTagExecution -->
