<?xml version="1.0" encoding="UTF-8"?>
<!-- Generated by org.testng.reporters.JUnitReportReporter -->
<testsuite hostname="HP" failures="0" tests="5" name="testngdiscussion.SequenceOfTestCases" time="0.013" errors="0" timestamp="2022-08-06T16:10:43 IST" skipped="0">
  <testcase classname="testngdiscussion.SequenceOfTestCases" name="logout" time="0.001"/>
  <system-out/>
  <testcase classname="testngdiscussion.SequenceOfTestCases" name="home" time="0.001"/>
  <system-out/>
  <testcase classname="testngdiscussion.SequenceOfTestCases" name="dashBoard" time="0.009"/>
  <system-out/>
  <testcase classname="testngdiscussion.SequenceOfTestCases" name="profile" time="0.001"/>
  <system-out/>
  <testcase classname="testngdiscussion.SequenceOfTestCases" name="login" time="0.001"/>
  <system-out/>
</testsuite> <!-- testngdiscussion.SequenceOfTestCases -->
