<?xml version="1.0" encoding="UTF-8"?>
<!-- Generated by org.testng.reporters.JUnitReportReporter -->
<testsuite hostname="HP" failures="0" tests="2" name="testngdiscussion.ParameterizationWithBrowser" time="8.491" errors="0" timestamp="2022-08-06T15:15:19 IST" skipped="0">
  <testcase classname="testngdiscussion.ParameterizationWithBrowser" name="launchBrowser" time="8.349"/>
  <system-out/>
  <testcase classname="testngdiscussion.ParameterizationWithBrowser" name="enterValues" time="0.142"/>
  <system-out/>
</testsuite> <!-- testngdiscussion.ParameterizationWithBrowser -->
