<?xml version="1.0" encoding="UTF-8"?>
<!-- Generated by org.testng.reporters.JUnitReportReporter -->
<testsuite hostname="HP" failures="0" tests="2" name="testngdiscussion.ReporterClass" time="0.007" errors="0" timestamp="2022-10-05T18:36:21 IST" skipped="0">
  <testcase classname="testngdiscussion.ReporterClass" name="dashboard" time="0.007"/>
  <system-out>
    <![CDATA[Dashboard test case]]>
  </system-out>
  <testcase classname="testngdiscussion.ReporterClass" name="loginTest" time="0.000"/>
  <system-out>
    <![CDATA[Login to application]]>
  </system-out>
</testsuite> <!-- testngdiscussion.ReporterClass -->
