<?xml version="1.0" encoding="UTF-8"?>
<!-- Generated by org.testng.reporters.JUnitReportReporter -->
<testsuite hostname="HP" failures="0" tests="2" name="zpract2.LoginTest" time="6.424" errors="0" timestamp="2022-08-14T19:51:53 IST" skipped="0">
  <testcase classname="zpract2.LoginTest" name="validateLoginPage" time="6.407"/>
  <system-out/>
  <testcase classname="zpract2.LoginTest" name="validateTitleOfPage" time="0.017"/>
  <system-out/>
</testsuite> <!-- zpract2.LoginTest -->
