<?xml version="1.0" encoding="UTF-8"?>
<!-- Generated by org.testng.reporters.JUnitReportReporter -->
<testsuite hostname="HP" failures="0" tests="2" name="testngdiscussion.EnabledKeyword" time="0.006" errors="0" timestamp="2022-08-03T01:58:48 IST" skipped="1">
  <testcase classname="testngdiscussion.EnabledKeyword" name="loginToApp" time="0.006"/>
  <system-out/>
  <testcase classname="testngdiscussion.EnabledKeyword" name="getAppUrl">
    <skipped/>
  </testcase> <!-- getAppUrl -->
  <system-out/>
</testsuite> <!-- testngdiscussion.EnabledKeyword -->
