<?xml version="1.0" encoding="UTF-8"?>
<!-- Generated by org.testng.reporters.JUnitReportReporter -->
<testsuite hostname="HP" failures="0" tests="2" name="testngdiscussion.Dashboard" time="0.000" errors="0" timestamp="2022-08-06T15:39:43 IST" skipped="0">
  <testcase classname="testngdiscussion.Dashboard" name="navToCheckBoxes" time="0.000"/>
  <system-out/>
  <testcase classname="testngdiscussion.Dashboard" name="handlingCheckbox" time="0.000"/>
  <system-out/>
</testsuite> <!-- testngdiscussion.Dashboard -->
