<?xml version="1.0" encoding="UTF-8"?>
<!-- Generated by org.testng.reporters.JUnitReportReporter -->
<testsuite hostname="HP" failures="0" tests="3" name="testngdiscussion.AmazonListnersTest" time="46.537" errors="0" timestamp="2022-10-05T20:12:38 IST" skipped="0">
  <testcase classname="testngdiscussion.AmazonListnersTest" name="navToURL" time="17.082"/>
  <system-out/>
  <testcase classname="testngdiscussion.AmazonListnersTest" name="searchTest" time="2.892"/>
  <system-out/>
  <testcase classname="testngdiscussion.AmazonListnersTest" name="clickOnProductAndAdd" time="26.563"/>
  <system-out/>
</testsuite> <!-- testngdiscussion.AmazonListnersTest -->
