<?xml version="1.0" encoding="UTF-8"?>
<!-- Generated by org.testng.reporters.JUnitReportReporter -->
<testsuite hostname="HP" failures="0" tests="2" name="testngdiscussion.ParallelClassExecution1" time="5.004" errors="0" timestamp="2022-10-05T11:33:27 IST" skipped="0">
  <testcase classname="testngdiscussion.ParallelClassExecution1" name="launchChrome" time="4.567"/>
  <system-out/>
  <testcase classname="testngdiscussion.ParallelClassExecution1" name="enterDetails" time="0.437"/>
  <system-out/>
</testsuite> <!-- testngdiscussion.ParallelClassExecution1 -->
