<?xml version="1.0" encoding="UTF-8"?>
<!-- Generated by org.testng.reporters.JUnitReportReporter -->
<testsuite hostname="HP" failures="0" tests="2" name="testngdiscussion.ParallelClassExecution2" time="6.200" errors="0" timestamp="2022-10-05T11:33:27 IST" skipped="0">
  <testcase classname="testngdiscussion.ParallelClassExecution2" name="launchFirefox" time="6.019"/>
  <system-out/>
  <testcase classname="testngdiscussion.ParallelClassExecution2" name="enterDetails" time="0.181"/>
  <system-out/>
</testsuite> <!-- testngdiscussion.ParallelClassExecution2 -->
