<?xml version="1.0" encoding="UTF-8"?>
<!-- Generated by org.testng.reporters.JUnitReportReporter -->
<testsuite hostname="HP" failures="0" tests="2" name="testngdiscussion.ParameterizationInTestNG" time="0.007" errors="0" timestamp="2022-10-05T18:29:28 IST" skipped="0">
  <testcase classname="testngdiscussion.ParameterizationInTestNG" name="launchBrowser" time="0.001"/>
  <system-out/>
  <testcase classname="testngdiscussion.ParameterizationInTestNG" name="buidInfo" time="0.006"/>
  <system-out/>
</testsuite> <!-- testngdiscussion.ParameterizationInTestNG -->
