<?xml version="1.0" encoding="UTF-8"?>
<!-- Generated by org.testng.reporters.JUnitReportReporter -->
<testsuite hostname="HP" failures="0" tests="3" name="testngdiscussion.BasicTest" time="0.019" errors="0" timestamp="2022-08-02T18:22:06 IST" skipped="0">
  <testcase classname="testngdiscussion.BasicTest" name="testCase1" time="0.016"/>
  <system-out/>
  <testcase classname="testngdiscussion.BasicTest" name="testCase3" time="0.001"/>
  <system-out/>
  <testcase classname="testngdiscussion.BasicTest" name="testCase2" time="0.002"/>
  <system-out/>
</testsuite> <!-- testngdiscussion.BasicTest -->
