<?xml version="1.0" encoding="UTF-8"?>
<!-- Generated by org.testng.reporters.JUnitReportReporter -->
<testsuite hostname="HP" failures="0" tests="2" name="zpract2.LoginTest2" time="6.324" errors="0" timestamp="2022-08-06T18:29:40 IST" skipped="0">
  <testcase classname="zpract2.LoginTest2" name="validateLoginPage" time="6.313"/>
  <system-out/>
  <testcase classname="zpract2.LoginTest2" name="validateTitle" time="0.011"/>
  <system-out/>
</testsuite> <!-- zpract2.LoginTest2 -->
