<?xml version="1.0" encoding="UTF-8"?>
<!-- Generated by org.testng.reporters.JUnitReportReporter -->
<testsuite hostname="HP" failures="0" tests="2" name="testngdiscussion.Annotations2" time="0.002" errors="0" timestamp="2022-08-04T21:26:22 IST" skipped="0">
  <testcase classname="testngdiscussion.Annotations2" name="buyHeadPhones" time="0.001"/>
  <system-out/>
  <testcase classname="testngdiscussion.Annotations2" name="buyMouse" time="0.001"/>
  <system-out/>
</testsuite> <!-- testngdiscussion.Annotations2 -->
