<?xml version="1.0" encoding="UTF-8"?>
<!-- Generated by org.testng.reporters.JUnitReportReporter -->
<testsuite hostname="HP" failures="0" tests="1" name="testngdiscussion.ActualAnnotations" time="0.006" errors="0" timestamp="2022-08-04T21:24:13 IST" skipped="0">
  <testcase classname="testngdiscussion.ActualAnnotations" name="buyMobile" time="0.006"/>
  <system-out/>
</testsuite> <!-- testngdiscussion.ActualAnnotations -->
