<?xml version="1.0" encoding="UTF-8"?>
<!-- Generated by org.testng.reporters.JUnitReportReporter -->
<testsuite hostname="HP" failures="0" tests="1" name="testngdiscussion.DataProviderTest" time="0.000" errors="0" timestamp="2022-09-02T13:15:07 IST" skipped="1">
  <testcase classname="testngdiscussion.DataProviderTest" name="testCase" time="0.000">
    <skipped/>
  </testcase> <!-- testCase -->
  <system-out/>
</testsuite> <!-- testngdiscussion.DataProviderTest -->
