<?xml version="1.0" encoding="UTF-8"?>
<!-- Generated by org.testng.reporters.JUnitReportReporter -->
<testsuite hostname="HP" failures="0" tests="4" name="testngdiscussion.DependsOnMethodsActuals" time="87.687" errors="0" timestamp="2022-08-03T03:41:58 IST" skipped="0">
  <testcase classname="testngdiscussion.DependsOnMethodsActuals" name="getTitleOfPage" time="67.139"/>
  <system-out/>
  <testcase classname="testngdiscussion.DependsOnMethodsActuals" name="loginToApp" time="15.899"/>
  <system-out/>
  <testcase classname="testngdiscussion.DependsOnMethodsActuals" name="navToAdminTab" time="2.458"/>
  <system-out/>
  <testcase classname="testngdiscussion.DependsOnMethodsActuals" name="handlingCheckBox" time="2.191"/>
  <system-out/>
</testsuite> <!-- testngdiscussion.DependsOnMethodsActuals -->
