<?xml version="1.0" encoding="UTF-8"?>
<!-- Generated by org.testng.reporters.JUnitReportReporter -->
<testsuite hostname="HP" failures="0" tests="2" name="testngdiscussion.ParallelExecutionOfMethods" time="8.627" errors="0" timestamp="2022-10-05T11:35:52 IST" skipped="0">
  <testcase classname="testngdiscussion.ParallelExecutionOfMethods" name="launchFirefox" time="5.312"/>
  <system-out/>
  <testcase classname="testngdiscussion.ParallelExecutionOfMethods" name="launchchrome" time="3.315"/>
  <system-out/>
</testsuite> <!-- testngdiscussion.ParallelExecutionOfMethods -->
