<?xml version="1.0" encoding="UTF-8"?>
<!-- Generated by org.testng.reporters.JUnitReportReporter -->
<testsuite hostname="HP" failures="0" tests="2" name="testngdiscussion.Annotations" time="0.008" errors="0" timestamp="2022-08-04T21:26:22 IST" skipped="0">
  <testcase classname="testngdiscussion.Annotations" name="searchlaptop" time="0.005"/>
  <system-out/>
  <testcase classname="testngdiscussion.Annotations" name="searchmobile" time="0.003"/>
  <system-out/>
</testsuite> <!-- testngdiscussion.Annotations -->
