<?xml version="1.0" encoding="UTF-8"?>
<!-- Generated by org.testng.reporters.JUnitReportReporter -->
<testsuite hostname="HP" failures="0" tests="2" name="testngdiscussion.SampleTest1" time="5.067" errors="0" timestamp="2022-08-06T15:38:59 IST" skipped="0">
  <testcase classname="testngdiscussion.SampleTest1" name="launchchrome" time="4.758"/>
  <system-out/>
  <testcase classname="testngdiscussion.SampleTest1" name="enterDetails" time="0.309"/>
  <system-out/>
</testsuite> <!-- testngdiscussion.SampleTest1 -->
